#
# A fatal error has been detected by the Java Runtime Environment:
#
#  EXCEPTION_ACCESS_VIOLATION (0xc0000005) at pc=0x00007ffcd6cc1bd1, pid=8596, tid=20880
#
# JRE version:  (21.0.7) (build )
# Java VM: OpenJDK 64-Bit Server VM (21.0.7+-13880790-b1038.58, mixed mode, sharing, tiered, compressed class ptrs, unknown gc, windows-amd64)
# Problematic frame:
# C  [jimage.dll+0x1bd1]
#
# No core dump will be written. Minidumps are not enabled by default on client versions of Windows
#
#

---------------  S U M M A R Y ------------

Command Line: 

Host: 12th Gen Intel(R) Core(TM) i5-1235U, 12 cores, 15G,  Windows 11 , 64 bit Build 26100 (10.0.26100.7019)
Time: Sat Nov 22 22:32:06 2025 Mitteleuropäische Zeit elapsed time: 0.019227 seconds (0d 0h 0m 0s)

---------------  T H R E A D  ---------------

Current thread is native thread

Stack: [0x0000008750a00000,0x0000008750b00000],  sp=0x0000008750afd7c0,  free space=1013k
Native frames: (J=compiled Java code, j=interpreted, Vv=VM code, C=native code)
C  [jimage.dll+0x1bd1]


siginfo: EXCEPTION_ACCESS_VIOLATION (0xc0000005), reading address 0x00000000000128d4


Registers:
RAX=0x0000000000004a2e, RBX=0x0000008750afd8b1, RCX=0x00007ffcd6cc6000, RDX=0x0000000000004a2e
RSP=0x0000008750afd7c0, RBP=0x0000008750afd8b0, RSI=0x00000000000074db, RDI=0x0000008750afd8b0
R8 =0x00007ffcd6cc4288, R9 =0x000000000000001c, R10=0x00007ffcd6d30000, R11=0x00007ffcd6cc6000
R12=0x0000000000000000, R13=0x0000008750affd40, R14=0x0000008750afe920, R15=0x00007ffc9943eac8
RIP=0x00007ffcd6cc1bd1, EFLAGS=0x0000000000010246

XMM[0]=0x0000000000000000 0x0000000000000000
XMM[1]=0x2f6d762f6c616e72 0x65746e692f6b646a
XMM[2]=0x736e6f6974706f2f 0x6d762f6c616e7265
XMM[3]=0x0000000000000000 0x0000000000000000
XMM[4]=0x0000000000000000 0x0000000000000000
XMM[5]=0x0000000000000000 0x0000000000000000
XMM[6]=0x0000000000000000 0x0000000000000000
XMM[7]=0x0000000000000000 0x0000000000000000
XMM[8]=0x0000000000000000 0x0000000000000000
XMM[9]=0x0000000000000000 0x0000000000000000
XMM[10]=0x0000000000000000 0x0000000000000000
XMM[11]=0x0000000000000000 0x0000000000000000
XMM[12]=0x0000000000000000 0x0000000000000000
XMM[13]=0x0000000000000000 0x0000000000000000
XMM[14]=0x0000000000000000 0x0000000000000000
XMM[15]=0x0000000000000000 0x0000000000000000
  MXCSR=0x00001f80


Top of Stack: (sp=0x0000008750afd7c0)
0x0000008750afd7c0:   0000000200000012 0000008750afdc88
0x0000008750afd7d0:   000000000000fde9 0000000000000064
0x0000008750afd7e0:   0000023dbc58e050 00007ffcd6cc1d5f
0x0000008750afd7f0:   000000000000000b 0000023dbc58e050
0x0000008750afd800:   00007ffce98d90e2 0000008750afd88c
0x0000008750afd810:   00007ffce98d90e2 00007ffce9889c33
0x0000008750afd820:   0000000000000052 0000000000000000
0x0000008750afd830:   0000003850afd950 0000000000000001
0x0000008750afd840:   0000000000000020 00007ffce9889be9
0x0000008750afd850:   0000d4a1c72982a3 00007ffce98d90e3
0x0000008750afd860:   00007ffc9941c8a0 0000000000000017
0x0000008750afd870:   0000023dbc58e050 0000008750afe920
0x0000008750afd880:   000000000000000b 00007ffcd6cc2641
0x0000008750afd890:   0000008750afd9b0 0000000000000001
0x0000008750afd8a0:   0000023dbc590c80 00007ffce9889be9
0x0000008750afd8b0:   61622e6176616a2f 692f6b646a2f6573
0x0000008750afd8c0:   2f6c616e7265746e 6f6974706f2f6d76
0x0000008750afd8d0:   000000000000736e 0000000000000000
0x0000008750afd8e0:   000000000000001b 00000052ffffffff
0x0000008750afd8f0:   0000023dbc590c80 0000000000000000
0x0000008750afd900:   0000000000000000 0000008750afdf18
0x0000008750afd910:   0000000000000000 0000008750afddc0
0x0000008750afd920:   0000000000000027 00007ffce98d7f42
0x0000008750afd930:   0000000000000000 0000000000000000
0x0000008750afd940:   0000000000000000 0000000000000000
0x0000008750afd950:   0000000000000000 0000000000000000
0x0000008750afd960:   0000000000000000 0000000000000000
0x0000008750afd970:   0000000000000000 0000000000000000
0x0000008750afd980:   0000000000000000 0000000000000000
0x0000008750afd990:   0000000000000000 0000000000000000
0x0000008750afd9a0:   0000000000000000 0000000000000000
0x0000008750afd9b0:   0000000000000000 0000000000000000 

Instructions: (pc=0x00007ffcd6cc1bd1)
0x00007ffcd6cc1ad1:   48 85 c9 74 1d 80 3d 33 45 00 00 00 74 06 48 8b
0x00007ffcd6cc1ae1:   53 18 eb 04 48 8b 53 40 e8 b2 0e 00 00 48 83 63
0x00007ffcd6cc1af1:   48 00 8b 4b 0c 83 f9 ff 74 09 e8 e8 0c 00 00 83
0x00007ffcd6cc1b01:   4b 0c ff 48 8b 4b 70 48 85 c9 74 0f ba 10 00 00
0x00007ffcd6cc1b11:   00 e8 09 0f 00 00 48 83 63 70 00 48 83 c4 20 5b
0x00007ffcd6cc1b21:   c3 cc cc 40 53 48 83 ec 20 48 8b d9 48 8d 0d ec
0x00007ffcd6cc1b31:   46 00 00 e8 b7 0c 00 00 83 6b 08 01 75 24 48 8b
0x00007ffcd6cc1b41:   d3 48 8d 0d cf 44 00 00 e8 22 08 00 00 48 8b cb
0x00007ffcd6cc1b51:   e8 de fe ff ff ba 78 00 00 00 48 8b cb e8 bd 0e
0x00007ffcd6cc1b61:   00 00 48 8d 0d b6 46 00 00 48 83 c4 20 5b e9 84
0x00007ffcd6cc1b71:   0c 00 00 48 89 5c 24 08 48 89 74 24 10 57 48 83
0x00007ffcd6cc1b81:   ec 20 41 8b f1 4d 8b c8 48 8b fa 4c 8b d9 4d 85
0x00007ffcd6cc1b91:   c0 74 78 85 f6 74 74 44 8a 12 48 8d 5a 01 48 8b
0x00007ffcd6cc1ba1:   d3 b8 93 01 00 01 eb 12 69 c0 93 01 00 01 41 0f
0x00007ffcd6cc1bb1:   b6 ca 44 8a 12 33 c1 48 ff c2 45 84 d2 75 e9 4d
0x00007ffcd6cc1bc1:   8b 03 0f ba f0 1f 33 d2 49 8b cb f7 f6 48 63 c2
0x00007ffcd6cc1bd1:   41 8b 14 81 41 ff 50 08 85 c0 7e 24 8a 0f eb 10
0x00007ffcd6cc1be1:   69 c0 93 01 00 01 0f b6 c9 33 c1 8a 0b 48 ff c3
0x00007ffcd6cc1bf1:   84 c9 75 ec 0f ba f0 1f 33 d2 f7 f6 8b c2 eb 0e
0x00007ffcd6cc1c01:   79 09 83 c9 ff 2b c8 8b c1 eb 03 83 c8 ff 48 8b
0x00007ffcd6cc1c11:   5c 24 30 48 8b 74 24 38 48 83 c4 20 5f c3 cc 48
0x00007ffcd6cc1c21:   89 5c 24 08 48 89 74 24 10 57 48 83 ec 20 48 8b
0x00007ffcd6cc1c31:   f1 48 8d 0d e7 45 00 00 e8 b2 0b 00 00 33 ff 39
0x00007ffcd6cc1c41:   3d d2 43 00 00 76 24 48 8b 05 d1 43 00 00 48 8b
0x00007ffcd6cc1c51:   d6 48 8b 1c f8 48 8b 0b e8 7c 1e 00 00 85 c0 74
0x00007ffcd6cc1c61:   2b ff c7 3b 3d ae 43 00 00 72 dc 33 db 48 8d 0d
0x00007ffcd6cc1c71:   ab 45 00 00 e8 7e 0b 00 00 48 8b 74 24 38 48 8b
0x00007ffcd6cc1c81:   c3 48 8b 5c 24 30 48 83 c4 20 5f c3 ff 43 08 eb
0x00007ffcd6cc1c91:   dc cc cc 48 89 5c 24 08 48 89 74 24 10 57 48 83
0x00007ffcd6cc1ca1:   ec 20 48 8b d9 48 8b f2 48 8b 49 10 49 8b f8 8b
0x00007ffcd6cc1cb1:   53 30 48 8b 01 ff 50 20 4c 8b 43 50 48 8b d6 48
0x00007ffcd6cc1cc1:   8b 4b 10 44 8b c8 e8 a8 fe ff ff 83 f8 ff 74 38 



---------------  P R O C E S S  ---------------

VM state: not at safepoint (not fully initialized)

VM Mutex/Monitor currently owned by a thread: None

CDS archive(s) mapped at: [0x0000000000000000-0x0000000000000000-0x0000000000000000), size 0, SharedBaseAddress: 0x0000000800000000, ArchiveRelocationMode: 1.
Narrow klass base: 0x0000000000000000, Narrow klass shift: 0, Narrow klass range: 0x0

GC Precious Log:
<Not initialized>


Dynamic libraries:
0x00007ff6df0f0000 - 0x00007ff6df0fa000 	C:\Program Files\Android\Android Studio\jbr\bin\java.exe
0x00007ffce9760000 - 0x00007ffce99c8000 	C:\WINDOWS\SYSTEM32\ntdll.dll
0x00007ffce8400000 - 0x00007ffce84c9000 	C:\WINDOWS\System32\KERNEL32.DLL
0x00007ffce6f80000 - 0x00007ffce7378000 	C:\WINDOWS\System32\KERNELBASE.dll
0x00007ffce6c30000 - 0x00007ffce6d7b000 	C:\WINDOWS\System32\ucrtbase.dll
0x00007ffcccab0000 - 0x00007ffcccac8000 	C:\Program Files\Android\Android Studio\jbr\bin\jli.dll
0x00007ffce8220000 - 0x00007ffce83e7000 	C:\WINDOWS\System32\USER32.dll
0x00007ffce6960000 - 0x00007ffce6987000 	C:\WINDOWS\System32\win32u.dll
0x00007ffcd6d30000 - 0x00007ffcd6d4b000 	C:\Program Files\Android\Android Studio\jbr\bin\VCRUNTIME140.dll
0x00007ffcc3f40000 - 0x00007ffcc41d4000 	C:\WINDOWS\WinSxS\amd64_microsoft.windows.common-controls_6595b64144ccf1df_6.0.26100.7019_none_3e06ffa0e335b8a8\COMCTL32.dll
0x00007ffce8ff0000 - 0x00007ffce9099000 	C:\WINDOWS\System32\msvcrt.dll
0x00007ffce8670000 - 0x00007ffce869b000 	C:\WINDOWS\System32\GDI32.dll
0x00007ffce6990000 - 0x00007ffce6abc000 	C:\WINDOWS\System32\gdi32full.dll
0x00007ffce6e10000 - 0x00007ffce6eb3000 	C:\WINDOWS\System32\msvcp_win.dll
0x00007ffce9660000 - 0x00007ffce9691000 	C:\WINDOWS\System32\IMM32.DLL
0x00007ffcdf930000 - 0x00007ffcdf93c000 	C:\Program Files\Android\Android Studio\jbr\bin\vcruntime140_1.dll
0x00007ffccc040000 - 0x00007ffccc0cd000 	C:\Program Files\Android\Android Studio\jbr\bin\msvcp140.dll
0x00007ffc98af0000 - 0x00007ffc9977e000 	C:\Program Files\Android\Android Studio\jbr\bin\server\jvm.dll
0x00007ffce95a0000 - 0x00007ffce9654000 	C:\WINDOWS\System32\ADVAPI32.dll
0x00007ffce8d90000 - 0x00007ffce8e36000 	C:\WINDOWS\System32\sechost.dll
0x00007ffce92f0000 - 0x00007ffce9408000 	C:\WINDOWS\System32\RPCRT4.dll
0x00007ffce81a0000 - 0x00007ffce8214000 	C:\WINDOWS\System32\WS2_32.dll
0x00007ffcdc810000 - 0x00007ffcdc845000 	C:\WINDOWS\SYSTEM32\WINMM.dll
0x00007ffce6710000 - 0x00007ffce676e000 	C:\WINDOWS\SYSTEM32\POWRPROF.dll
0x00007ffccb2a0000 - 0x00007ffccb2ab000 	C:\WINDOWS\SYSTEM32\VERSION.dll
0x00007ffce66f0000 - 0x00007ffce6704000 	C:\WINDOWS\SYSTEM32\UMPDC.dll
0x00007ffce5670000 - 0x00007ffce568b000 	C:\WINDOWS\SYSTEM32\kernel.appcore.dll
0x00007ffcd6cc0000 - 0x00007ffcd6cca000 	C:\Program Files\Android\Android Studio\jbr\bin\jimage.dll

dbghelp: loading error: 1455
symbol engine: initialization error.

VM Arguments:
java_command: <unknown>
java_class_path (initial): <not set>
Launcher Type: SUN_STANDARD

[Global flags]
     bool UseLargePagesIndividualAllocation        = false                                  {pd product} {ergonomic}

Logging:
Log output configuration:
 #0: stdout all=warning uptime,level,tags foldmultilines=false
 #1: stderr all=off uptime,level,tags foldmultilines=false

Environment Variables:
PATH=C:\Program Files\Eclipse Adoptium\jdk-17.0.12.7-hotspot\bin;C:\WINDOWS\system32;C:\WINDOWS;C:\WINDOWS\System32\Wbem;C:\WINDOWS\System32\WindowsPowerShell\v1.0\;C:\WINDOWS\System32\OpenSSH\;C:\Program Files\Git\cmd;C:\Users\alexa\AppData\Local\Microsoft\WindowsApps;C:\Users\alexa\AppData\Local\Programs\Microsoft VS Code\bin;C:\Users\alexa\AppData\Local\GitHubDesktop\bin
USERNAME=alexa
OS=Windows_NT
PROCESSOR_IDENTIFIER=Intel64 Family 6 Model 154 Stepping 4, GenuineIntel
TMP=C:\Users\alexa\AppData\Local\Temp
TEMP=C:\Users\alexa\AppData\Local\Temp




Periodic native trim disabled

JNI global refs:
JNI global refs: 0, weak refs: 0

JNI global refs memory usage: 0, weak refs: 0

Process memory usage:
Resident Set Size: 7860K (0% of 16597300K total physical memory with 2788452K free physical memory)

OOME stack traces (most recent first):
Classloader memory used:
Not available (crashed in non-Java thread)
---------------  S Y S T E M  ---------------

OS:
 Windows 11 , 64 bit Build 26100 (10.0.26100.7019)
OS uptime: 8 days 10:10 hours

CPU: total 12 (initial active 0) 
Processor Information for processor 0
  Max Mhz: 2500, Current Mhz: 1370, Mhz Limit: 1350
Processor Information for processor 1
  Max Mhz: 2500, Current Mhz: 1370, Mhz Limit: 1350
Processor Information for processor 2
  Max Mhz: 2500, Current Mhz: 1370, Mhz Limit: 1350
Processor Information for processor 3
  Max Mhz: 2500, Current Mhz: 1370, Mhz Limit: 1350
Processor Information for processor 4
  Max Mhz: 2500, Current Mhz: 2500, Mhz Limit: 2500
Processor Information for processor 5
  Max Mhz: 2500, Current Mhz: 2500, Mhz Limit: 2500
Processor Information for processor 6
  Max Mhz: 2500, Current Mhz: 2500, Mhz Limit: 2500
Processor Information for processor 7
  Max Mhz: 2500, Current Mhz: 2500, Mhz Limit: 2500
Processor Information for processor 8
  Max Mhz: 2500, Current Mhz: 2500, Mhz Limit: 2500
Processor Information for processor 9
  Max Mhz: 2500, Current Mhz: 2500, Mhz Limit: 2500
Processor Information for processor 10
  Max Mhz: 2500, Current Mhz: 2500, Mhz Limit: 2500
Processor Information for processor 11
  Max Mhz: 2500, Current Mhz: 2500, Mhz Limit: 2500

Memory: 4k page, system-wide physical 16208M (2724M free)
TotalPageFile size 24445M (AvailPageFile size 3M)
current process WorkingSet (physical memory assigned to process): 7M, peak: 7M
current process commit charge ("private bytes"): 2M, peak: 2M

vm_info: OpenJDK 64-Bit Server VM (21.0.7+-13880790-b1038.58) for windows-amd64 JRE (21.0.7+-13880790-b1038.58), built on 2025-08-04T20:56:21Z by "builder" with MS VC++ 16.10 / 16.11 (VS2019)

END.
